<?xml version="1.0" encoding="UTF-8"?>
<!-- Generated by org.testng.reporters.JUnitReportReporter -->
<testsuite skipped="0" hostname="DESKTOP-TVEPH8J" name="LoginTest" tests="1" failures="0" timestamp="2020-08-25T11:52:53 IST" time="14.794" errors="0">
  <testcase name="doLogin" time="14.794" classname="LoginTest"/>
  <system-out/>
</testsuite> <!-- LoginTest -->
